<?xml version="1.0" encoding="UTF-8"?>
<testsuites name="Console Profil page Test Suite" time="231.564" tests="3" failures="1" errors="0">
   <testsuite name="Console Profil page Test Suite" tests="3" failures="1" errors="0" time="231.564" skipped="0" timestamp="03-05-2024T08:50:11" hostname="runneradmin - fv-az1564-217.cfzvq1px0pqepkq2nnbs4xvn2e.phxx.internal.cloudapp.net" id="Test Suites/Console Profil page Test Suite">
      <properties>
         <property name="deviceName" value=""/>
         <property name="devicePlatform" value=""/>
         <property name="logFolder" value="D:\\a\\KatalonTests\\KatalonTests\\Reports\\20240503_084816\\Console Profil page Test Suite\\20240503_084823"/>
         <property name="logFiles" value="D:\\a\\KatalonTests\\KatalonTests\\Reports\\20240503_084816\\Console Profil page Test Suite\\20240503_084823\\execution0.log"/>
         <property name="attachments" value="D:\\a\\KatalonTests\\KatalonTests\\Reports\\20240503_084816\\Console Profil page Test Suite\\20240503_084823\\1714726352826.png"/>
         <property name="hostName" value="runneradmin - fv-az1564-217.cfzvq1px0pqepkq2nnbs4xvn2e.phxx.internal.cloudapp.net"/>
         <property name="os" value="Windows Server 2022 64bit"/>
         <property name="katalonVersion" value="9.4.0.212"/>
         <property name="browser" value="Chrome 124.0.0.0"/>
         <property name="hostAddress" value="10.1.0.163"/>
         <property name="sessionId" value="4779b4c5fcb316ea0a0bdcaab6e8c638"/>
         <property name="seleniumVersion" value="3.141.59"/>
         <property name="proxyInformation" value="ProxyInformation { proxyOption=NO_PROXY, proxyServerType=HTTP, username=, password=********, proxyServerAddress=, proxyServerPort=0, executionList=&quot;&quot;, isApplyToDesiredCapabilities=true }"/>
         <property name="platform" value="Windows Server 2022"/>
      </properties>
      <testcase name="Test Cases/01 - Test Console/01.01 - ProfilPage/01.01.01 - PageProfilAAvailable" time="117.222" classname="Test Cases/01 - Test Console/01.01 - ProfilPage/01.01.01 - PageProfilAAvailable" status="PASSED">
         <system-out><![CDATA[03-05-2024T08:50:11 - [TEST_CASE][PASSED] - Test Cases/01 - Test Console/01.01 - ProfilPage/01.01.01 - PageProfilAAvailable: Test Cases/01 - Test Console/01.01 - ProfilPage/01.01.01 - PageProfilAAvailable

03-05-2024T08:50:11 - [TEST_STEP][PASSED] - openBrowser(""): Browser is opened with url: ''

03-05-2024T08:50:11 - [MESSAGE][INFO] - Starting 'Chrome' driver

03-05-2024T08:50:11 - [MESSAGE][INFO] - Action delay is set to 0 milliseconds

03-05-2024T08:50:12 - [MESSAGE][PASSED] - Browser is opened with url: ''

03-05-2024T08:50:12 - [TEST_STEP][PASSED] - navigateToUrl(ConsoleURL): Navigate to 'https://console-integ.reach5.co/' successfully

03-05-2024T08:50:18 - [MESSAGE][PASSED] - Navigate to 'https://console-integ.reach5.co/' successfully

03-05-2024T08:50:18 - [TEST_STEP][PASSED] - setText(findTestObject("Object Repository/Login/input_Email address or phone number_identifier"), Login_NME): Text 'nawel.mele@reach5.co' is set on object 'Object Repository/Login/input_Email address or phone number_identifier'

03-05-2024T08:50:49 - [MESSAGE][INFO] - Unable to find the element located by 'By.xpath: //input[@id='OmHyJu']'. Please recheck the objects properties to make sure the desired element is located. 

03-05-2024T08:50:49 - [MESSAGE][WARNING] - [SELF-HEALING] Failed to find element with id 'Object Repository/Login/input_Email address or phone number_identifier'. Try using Self-healing.

03-05-2024T08:50:49 - [MESSAGE][WARNING] - [SELF-HEALING] The current locator of test object 'Object Repository/Login/input_Email address or phone number_identifier' was broken. Propose an alternative one: '//div[@id='login-container']/div/div/form/div/input'.

03-05-2024T08:51:20 - [MESSAGE][INFO] - Unable to find the element located by 'By.xpath: //input[@id='OmHyJu']'. Please recheck the objects properties to make sure the desired element is located. 

03-05-2024T08:51:20 - [MESSAGE][WARNING] - [SELF-HEALING] Failed to find element with id 'Object Repository/Login/input_Email address or phone number_identifier'. Try using Self-healing.

03-05-2024T08:51:20 - [MESSAGE][WARNING] - [SELF-HEALING] The current locator of test object 'Object Repository/Login/input_Email address or phone number_identifier' was broken. Propose an alternative one: '//div[@id='login-container']/div/div/form/div/input'.

03-05-2024T08:51:20 - [MESSAGE][PASSED] - Text 'nawel.mele@reach5.co' is set on object 'Object Repository/Login/input_Email address or phone number_identifier'

03-05-2024T08:51:20 - [TEST_STEP][PASSED] - setEncryptedText(findTestObject("Object Repository/Login/input_Password_password"), "5rdcrhgBYgE/1Hb7+0nwZQ=="): Text ****** has been set on object 'Object Repository/Login/input_Password_password'

03-05-2024T08:51:52 - [MESSAGE][INFO] - Unable to find the element located by 'By.xpath: //input[@id='tkaNEW']'. Please recheck the objects properties to make sure the desired element is located. 

03-05-2024T08:51:52 - [MESSAGE][WARNING] - [SELF-HEALING] Failed to find element with id 'Object Repository/Login/input_Password_password'. Try using Self-healing.

03-05-2024T08:51:52 - [MESSAGE][WARNING] - [SELF-HEALING] The current locator of test object 'Object Repository/Login/input_Password_password' was broken. Propose an alternative one: '//div[@id='login-container']/div/div/form/div[2]/div/input'.

03-05-2024T08:51:52 - [MESSAGE][PASSED] - Text ****** has been set on object 'Object Repository/Login/input_Password_password'

03-05-2024T08:51:52 - [TEST_STEP][PASSED] - click(findTestObject("Object Repository/Login/button_Log in")): Object: 'Object Repository/Login/button_Log in' is clicked on

03-05-2024T08:51:52 - [MESSAGE][PASSED] - Object: 'Object Repository/Login/button_Log in' is clicked on

03-05-2024T08:51:52 - [TEST_STEP][PASSED] - click(findTestObject("Object Repository/ProfilePage/div_Go to account_css-8yile7-indicatorContainer")): Object: 'Object Repository/ProfilePage/div_Go to account_css-8yile7-indicatorContainer' is clicked on

03-05-2024T08:51:58 - [MESSAGE][PASSED] - Object: 'Object Repository/ProfilePage/div_Go to account_css-8yile7-indicatorContainer' is clicked on

03-05-2024T08:51:58 - [TEST_STEP][PASSED] - click(findTestObject("Object Repository/HP/div_Integ-QA-fonctionnelle")): Object: 'Object Repository/HP/div_Integ-QA-fonctionnelle' is clicked on

03-05-2024T08:52:01 - [MESSAGE][PASSED] - Object: 'Object Repository/HP/div_Integ-QA-fonctionnelle' is clicked on

03-05-2024T08:52:01 - [TEST_STEP][PASSED] - click(findTestObject("Object Repository/ProfilePage/span_Profiles")): Object: 'Object Repository/ProfilePage/span_Profiles' is clicked on

03-05-2024T08:52:06 - [MESSAGE][PASSED] - Object: 'Object Repository/ProfilePage/span_Profiles' is clicked on

03-05-2024T08:52:06 - [TEST_STEP][PASSED] - verifyTextPresent("K profiles", true): Text 'K profiles' is present on page  using regular expression

03-05-2024T08:52:07 - [MESSAGE][PASSED] - Text 'K profiles' is present on page  using regular expression

03-05-2024T08:52:07 - [TEST_STEP][PASSED] - verifyTextPresent("Filter", false): Text 'Filter' is present on page 

03-05-2024T08:52:08 - [MESSAGE][PASSED] - Text 'Filter' is present on page 

03-05-2024T08:52:08 - [TEST_STEP][PASSED] - verifyTextPresent("Identifier", false): Text 'Identifier' is present on page 

03-05-2024T08:52:08 - [MESSAGE][PASSED] - Text 'Identifier' is present on page 

03-05-2024T08:52:08 - [TEST_STEP][PASSED] - closeBrowser(): Browser is closed

03-05-2024T08:52:08 - [MESSAGE][PASSED] - Browser is closed]]></system-out>
         <system-err><![CDATA[]]></system-err>
      </testcase>
      <testcase name="Test Cases/01 - Test Console/01.01 - ProfilPage/01.01.02 - ProfileSearch" time="24.388" classname="Test Cases/01 - Test Console/01.01 - ProfilPage/01.01.02 - ProfileSearch" status="FAILED">
         <failure type="FAILED" message="Test Cases/01 - Test Console/01.01 - ProfilPage/01.01.02 - ProfileSearch FAILED.&#xa;Reason:&#xa;com.kms.katalon.core.exception.StepFailedException: Unable to verify text 'nawel.mele@reach5.co' is present &#xa;	at com.kms.katalon.core.webui.keyword.internal.WebUIKeywordMain.stepFailed(WebUIKeywordMain.groovy:64)&#xa;	at com.kms.katalon.core.webui.keyword.internal.WebUIKeywordMain.runKeyword(WebUIKeywordMain.groovy:26)&#xa;	at com.kms.katalon.core.webui.keyword.builtin.VerifyTextPresentKeyword.verifyTextPresent(VerifyTextPresentKeyword.groovy:83)&#xa;	at com.kms.katalon.core.webui.keyword.builtin.VerifyTextPresentKeyword.execute(VerifyTextPresentKeyword.groovy:68)&#xa;	at com.kms.katalon.core.keyword.internal.KeywordExecutor.executeKeywordForPlatform(KeywordExecutor.groovy:74)&#xa;	at com.kms.katalon.core.webui.keyword.WebUiBuiltInKeywords.verifyTextPresent(WebUiBuiltInKeywords.groovy:1762)&#xa;	at com.kms.katalon.core.webui.keyword.WebUiBuiltInKeywords$verifyTextPresent$4.call(Unknown Source)&#xa;	at 01.01.02 - ProfileSearch.run(01.01.02 - ProfileSearch:47)&#xa;	at com.kms.katalon.core.main.ScriptEngine.run(ScriptEngine.java:194)&#xa;	at com.kms.katalon.core.main.ScriptEngine.runScriptAsRawText(ScriptEngine.java:119)&#xa;	at com.kms.katalon.core.main.TestCaseExecutor.runScript(TestCaseExecutor.java:448)&#xa;	at com.kms.katalon.core.main.TestCaseExecutor.doExecute(TestCaseExecutor.java:439)&#xa;	at com.kms.katalon.core.main.TestCaseExecutor.processExecutionPhase(TestCaseExecutor.java:418)&#xa;	at com.kms.katalon.core.main.TestCaseExecutor.accessMainPhase(TestCaseExecutor.java:410)&#xa;	at com.kms.katalon.core.main.TestCaseExecutor.execute(TestCaseExecutor.java:285)&#xa;	at com.kms.katalon.core.common.CommonExecutor.accessTestCaseMainPhase(CommonExecutor.java:65)&#xa;	at com.kms.katalon.core.main.TestSuiteExecutor.accessTestSuiteMainPhase(TestSuiteExecutor.java:150)&#xa;	at com.kms.katalon.core.main.TestSuiteExecutor.execute(TestSuiteExecutor.java:106)&#xa;	at com.kms.katalon.core.main.TestCaseMain.startTestSuite(TestCaseMain.java:180)&#xa;	at com.kms.katalon.core.main.TestCaseMain$startTestSuite$0.call(Unknown Source)&#xa;	at TempTestSuite1714726103613.run(TempTestSuite1714726103613.groovy:35)&#xa;	at java.base/jdk.internal.reflect.NativeMethodAccessorImpl.invoke0(Native Method)&#xa;	at java.base/jdk.internal.reflect.NativeMethodAccessorImpl.invoke(NativeMethodAccessorImpl.java:77)&#xa;	at java.base/jdk.internal.reflect.DelegatingMethodAccessorImpl.invoke(DelegatingMethodAccessorImpl.java:43)&#xa;Caused by: com.kms.katalon.core.exception.StepFailedException: Text 'nawel.mele@reach5.co' is not present on page &#xa;	at com.kms.katalon.core.webui.keyword.internal.WebUIKeywordMain.stepFailed(WebUIKeywordMain.groovy:64)&#xa;	at com.kms.katalon.core.webui.keyword.builtin.VerifyTextPresentKeyword$_verifyTextPresent_closure1.doCall(VerifyTextPresentKeyword.groovy:79)&#xa;	at com.kms.katalon.core.webui.keyword.builtin.VerifyTextPresentKeyword$_verifyTextPresent_closure1.call(VerifyTextPresentKeyword.groovy)&#xa;	at com.kms.katalon.core.webui.keyword.internal.WebUIKeywordMain.runKeyword(WebUIKeywordMain.groovy:20)&#xa;	... 22 more&#xa;"/>
         <system-out><![CDATA[03-05-2024T08:52:08 - [TEST_CASE][FAILED] - Test Cases/01 - Test Console/01.01 - ProfilPage/01.01.02 - ProfileSearch: Test Cases/01 - Test Console/01.01 - ProfilPage/01.01.02 - ProfileSearch FAILED.
Reason:
com.kms.katalon.core.exception.StepFailedException: Unable to verify text 'nawel.mele@reach5.co' is present 
	at com.kms.katalon.core.webui.keyword.internal.WebUIKeywordMain.stepFailed(WebUIKeywordMain.groovy:64)
	at com.kms.katalon.core.webui.keyword.internal.WebUIKeywordMain.runKeyword(WebUIKeywordMain.groovy:26)
	at com.kms.katalon.core.webui.keyword.builtin.VerifyTextPresentKeyword.verifyTextPresent(VerifyTextPresentKeyword.groovy:83)
	at com.kms.katalon.core.webui.keyword.builtin.VerifyTextPresentKeyword.execute(VerifyTextPresentKeyword.groovy:68)
	at com.kms.katalon.core.keyword.internal.KeywordExecutor.executeKeywordForPlatform(KeywordExecutor.groovy:74)
	at com.kms.katalon.core.webui.keyword.WebUiBuiltInKeywords.verifyTextPresent(WebUiBuiltInKeywords.groovy:1762)
	at com.kms.katalon.core.webui.keyword.WebUiBuiltInKeywords$verifyTextPresent$4.call(Unknown Source)
	at 01.01.02 - ProfileSearch.run(01.01.02 - ProfileSearch:47)
	at com.kms.katalon.core.main.ScriptEngine.run(ScriptEngine.java:194)
	at com.kms.katalon.core.main.ScriptEngine.runScriptAsRawText(ScriptEngine.java:119)
	at com.kms.katalon.core.main.TestCaseExecutor.runScript(TestCaseExecutor.java:448)
	at com.kms.katalon.core.main.TestCaseExecutor.doExecute(TestCaseExecutor.java:439)
	at com.kms.katalon.core.main.TestCaseExecutor.processExecutionPhase(TestCaseExecutor.java:418)
	at com.kms.katalon.core.main.TestCaseExecutor.accessMainPhase(TestCaseExecutor.java:410)
	at com.kms.katalon.core.main.TestCaseExecutor.execute(TestCaseExecutor.java:285)
	at com.kms.katalon.core.common.CommonExecutor.accessTestCaseMainPhase(CommonExecutor.java:65)
	at com.kms.katalon.core.main.TestSuiteExecutor.accessTestSuiteMainPhase(TestSuiteExecutor.java:150)
	at com.kms.katalon.core.main.TestSuiteExecutor.execute(TestSuiteExecutor.java:106)
	at com.kms.katalon.core.main.TestCaseMain.startTestSuite(TestCaseMain.java:180)
	at com.kms.katalon.core.main.TestCaseMain$startTestSuite$0.call(Unknown Source)
	at TempTestSuite1714726103613.run(TempTestSuite1714726103613.groovy:35)
	at java.base/jdk.internal.reflect.NativeMethodAccessorImpl.invoke0(Native Method)
	at java.base/jdk.internal.reflect.NativeMethodAccessorImpl.invoke(NativeMethodAccessorImpl.java:77)
	at java.base/jdk.internal.reflect.DelegatingMethodAccessorImpl.invoke(DelegatingMethodAccessorImpl.java:43)
Caused by: com.kms.katalon.core.exception.StepFailedException: Text 'nawel.mele@reach5.co' is not present on page 
	at com.kms.katalon.core.webui.keyword.internal.WebUIKeywordMain.stepFailed(WebUIKeywordMain.groovy:64)
	at com.kms.katalon.core.webui.keyword.builtin.VerifyTextPresentKeyword$_verifyTextPresent_closure1.doCall(VerifyTextPresentKeyword.groovy:79)
	at com.kms.katalon.core.webui.keyword.builtin.VerifyTextPresentKeyword$_verifyTextPresent_closure1.call(VerifyTextPresentKeyword.groovy)
	at com.kms.katalon.core.webui.keyword.internal.WebUIKeywordMain.runKeyword(WebUIKeywordMain.groovy:20)
	... 22 more


03-05-2024T08:52:08 - [TEST_STEP][PASSED] - openBrowser(""): Browser is opened with url: ''

03-05-2024T08:52:08 - [MESSAGE][INFO] - Starting 'Chrome' driver

03-05-2024T08:52:08 - [MESSAGE][INFO] - Action delay is set to 0 milliseconds

03-05-2024T08:52:09 - [MESSAGE][PASSED] - Browser is opened with url: ''

03-05-2024T08:52:09 - [TEST_STEP][PASSED] - navigateToUrl(ConsoleURL): Navigate to 'https://console-integ.reach5.co/' successfully

03-05-2024T08:52:13 - [MESSAGE][PASSED] - Navigate to 'https://console-integ.reach5.co/' successfully

03-05-2024T08:52:13 - [TEST_STEP][PASSED] - setText(findTestObject("R5_console_Login/login_email"), Login_NME): Text 'nawel.mele@reach5.co' is set on object 'Object Repository/R5_console_Login/login_email'

03-05-2024T08:52:15 - [MESSAGE][PASSED] - Text 'nawel.mele@reach5.co' is set on object 'Object Repository/R5_console_Login/login_email'

03-05-2024T08:52:15 - [TEST_STEP][PASSED] - setEncryptedText(findTestObject("R5_console_Login/login_password"), "5rdcrhgBYgE/1Hb7+0nwZQ=="): Text ****** has been set on object 'Object Repository/R5_console_Login/login_password'

03-05-2024T08:52:15 - [MESSAGE][PASSED] - Text ****** has been set on object 'Object Repository/R5_console_Login/login_password'

03-05-2024T08:52:15 - [TEST_STEP][PASSED] - click(findTestObject("R5_console_Login/button_Log in")): Object: 'Object Repository/R5_console_Login/button_Log in' is clicked on

03-05-2024T08:52:16 - [MESSAGE][PASSED] - Object: 'Object Repository/R5_console_Login/button_Log in' is clicked on

03-05-2024T08:52:16 - [TEST_STEP][PASSED] - click(findTestObject("Object Repository/ProfilePage/div_Go to account_css-8yile7-indicatorContainer")): Object: 'Object Repository/ProfilePage/div_Go to account_css-8yile7-indicatorContainer' is clicked on

03-05-2024T08:52:21 - [MESSAGE][PASSED] - Object: 'Object Repository/ProfilePage/div_Go to account_css-8yile7-indicatorContainer' is clicked on

03-05-2024T08:52:21 - [TEST_STEP][PASSED] - click(findTestObject("Object Repository/HP/div_Integ-QA-fonctionnelle")): Object: 'Object Repository/HP/div_Integ-QA-fonctionnelle' is clicked on

03-05-2024T08:52:24 - [MESSAGE][PASSED] - Object: 'Object Repository/HP/div_Integ-QA-fonctionnelle' is clicked on

03-05-2024T08:52:24 - [TEST_STEP][PASSED] - click(findTestObject("Object Repository/ProfilePage/span_Profiles")): Object: 'Object Repository/ProfilePage/span_Profiles' is clicked on

03-05-2024T08:52:29 - [MESSAGE][PASSED] - Object: 'Object Repository/ProfilePage/span_Profiles' is clicked on

03-05-2024T08:52:29 - [TEST_STEP][PASSED] - click(findTestObject("Object Repository/ProfilePageSearch/SearchProfilFilter")): Object: 'Object Repository/ProfilePageSearch/SearchProfilFilter' is clicked on

03-05-2024T08:52:30 - [MESSAGE][PASSED] - Object: 'Object Repository/ProfilePageSearch/SearchProfilFilter' is clicked on

03-05-2024T08:52:30 - [TEST_STEP][PASSED] - setText(findTestObject("Object Repository/ProfilePageSearch/SearchProfilFilter"), "nawel mele"): Text 'nawel mele' is set on object 'Object Repository/ProfilePageSearch/SearchProfilFilter'

03-05-2024T08:52:31 - [MESSAGE][PASSED] - Text 'nawel mele' is set on object 'Object Repository/ProfilePageSearch/SearchProfilFilter'

03-05-2024T08:52:31 - [TEST_STEP][PASSED] - verifyTextPresent("Nawel Mele", false): Text 'Nawel Mele' is present on page 

03-05-2024T08:52:31 - [MESSAGE][PASSED] - Text 'Nawel Mele' is present on page 

03-05-2024T08:52:31 - [TEST_STEP][PASSED] - setText(findTestObject("Object Repository/ProfilePageSearch/SearchProfilFilter"), "nawel.mele@reach5.co"): Text 'nawel.mele@reach5.co' is set on object 'Object Repository/ProfilePageSearch/SearchProfilFilter'

03-05-2024T08:52:32 - [MESSAGE][PASSED] - Text 'nawel.mele@reach5.co' is set on object 'Object Repository/ProfilePageSearch/SearchProfilFilter'

03-05-2024T08:52:32 - [TEST_STEP][FAILED] - verifyTextPresent("nawel.mele@reach5.co", false): Unable to verify text 'nawel.mele@reach5.co' is present  (Root cause: com.kms.katalon.core.exception.StepFailedException: Unable to verify text 'nawel.mele@reach5.co' is present 
	at com.kms.katalon.core.webui.keyword.internal.WebUIKeywordMain.stepFailed(WebUIKeywordMain.groovy:64)
	at com.kms.katalon.core.webui.keyword.internal.WebUIKeywordMain.runKeyword(WebUIKeywordMain.groovy:26)
	at com.kms.katalon.core.webui.keyword.builtin.VerifyTextPresentKeyword.verifyTextPresent(VerifyTextPresentKeyword.groovy:83)
	at com.kms.katalon.core.webui.keyword.builtin.VerifyTextPresentKeyword.execute(VerifyTextPresentKeyword.groovy:68)
	at com.kms.katalon.core.keyword.internal.KeywordExecutor.executeKeywordForPlatform(KeywordExecutor.groovy:74)
	at com.kms.katalon.core.webui.keyword.WebUiBuiltInKeywords.verifyTextPresent(WebUiBuiltInKeywords.groovy:1762)
	at com.kms.katalon.core.webui.keyword.WebUiBuiltInKeywords$verifyTextPresent$4.call(Unknown Source)
	at 01.01.02 - ProfileSearch.run(01.01.02 - ProfileSearch:47)
	at com.kms.katalon.core.main.ScriptEngine.run(ScriptEngine.java:194)
	at com.kms.katalon.core.main.ScriptEngine.runScriptAsRawText(ScriptEngine.java:119)
	at com.kms.katalon.core.main.TestCaseExecutor.runScript(TestCaseExecutor.java:448)
	at com.kms.katalon.core.main.TestCaseExecutor.doExecute(TestCaseExecutor.java:439)
	at com.kms.katalon.core.main.TestCaseExecutor.processExecutionPhase(TestCaseExecutor.java:418)
	at com.kms.katalon.core.main.TestCaseExecutor.accessMainPhase(TestCaseExecutor.java:410)
	at com.kms.katalon.core.main.TestCaseExecutor.execute(TestCaseExecutor.java:285)
	at com.kms.katalon.core.common.CommonExecutor.accessTestCaseMainPhase(CommonExecutor.java:65)
	at com.kms.katalon.core.main.TestSuiteExecutor.accessTestSuiteMainPhase(TestSuiteExecutor.java:150)
	at com.kms.katalon.core.main.TestSuiteExecutor.execute(TestSuiteExecutor.java:106)
	at com.kms.katalon.core.main.TestCaseMain.startTestSuite(TestCaseMain.java:180)
	at com.kms.katalon.core.main.TestCaseMain$startTestSuite$0.call(Unknown Source)
	at TempTestSuite1714726103613.run(TempTestSuite1714726103613.groovy:35)
	at java.base/jdk.internal.reflect.NativeMethodAccessorImpl.invoke0(Native Method)
	at java.base/jdk.internal.reflect.NativeMethodAccessorImpl.invoke(NativeMethodAccessorImpl.java:77)
	at java.base/jdk.internal.reflect.DelegatingMethodAccessorImpl.invoke(DelegatingMethodAccessorImpl.java:43)
Caused by: com.kms.katalon.core.exception.StepFailedException: Text 'nawel.mele@reach5.co' is not present on page 
	at com.kms.katalon.core.webui.keyword.internal.WebUIKeywordMain.stepFailed(WebUIKeywordMain.groovy:64)
	at com.kms.katalon.core.webui.keyword.builtin.VerifyTextPresentKeyword$_verifyTextPresent_closure1.doCall(VerifyTextPresentKeyword.groovy:79)
	at com.kms.katalon.core.webui.keyword.builtin.VerifyTextPresentKeyword$_verifyTextPresent_closure1.call(VerifyTextPresentKeyword.groovy)
	at com.kms.katalon.core.webui.keyword.internal.WebUIKeywordMain.runKeyword(WebUIKeywordMain.groovy:20)
	... 22 more
)

03-05-2024T08:52:32 - [MESSAGE][FAILED] - Text 'nawel.mele@reach5.co' is not present on page  (Root cause: com.kms.katalon.core.exception.StepFailedException: Text 'nawel.mele@reach5.co' is not present on page 
	at com.kms.katalon.core.webui.keyword.internal.WebUIKeywordMain.stepFailed(WebUIKeywordMain.groovy:64)
	at com.kms.katalon.core.webui.keyword.builtin.VerifyTextPresentKeyword$_verifyTextPresent_closure1.doCall(VerifyTextPresentKeyword.groovy:79)
	at com.kms.katalon.core.webui.keyword.builtin.VerifyTextPresentKeyword$_verifyTextPresent_closure1.call(VerifyTextPresentKeyword.groovy)
	at com.kms.katalon.core.webui.keyword.internal.WebUIKeywordMain.runKeyword(WebUIKeywordMain.groovy:20)
	at com.kms.katalon.core.webui.keyword.builtin.VerifyTextPresentKeyword.verifyTextPresent(VerifyTextPresentKeyword.groovy:83)
	at com.kms.katalon.core.webui.keyword.builtin.VerifyTextPresentKeyword.execute(VerifyTextPresentKeyword.groovy:68)
	at com.kms.katalon.core.keyword.internal.KeywordExecutor.executeKeywordForPlatform(KeywordExecutor.groovy:74)
	at com.kms.katalon.core.webui.keyword.WebUiBuiltInKeywords.verifyTextPresent(WebUiBuiltInKeywords.groovy:1762)
	at com.kms.katalon.core.webui.keyword.WebUiBuiltInKeywords$verifyTextPresent$4.call(Unknown Source)
	at 01.01.02 - ProfileSearch.run(01.01.02 - ProfileSearch:47)
	at com.kms.katalon.core.main.ScriptEngine.run(ScriptEngine.java:194)
	at com.kms.katalon.core.main.ScriptEngine.runScriptAsRawText(ScriptEngine.java:119)
	at com.kms.katalon.core.main.TestCaseExecutor.runScript(TestCaseExecutor.java:448)
	at com.kms.katalon.core.main.TestCaseExecutor.doExecute(TestCaseExecutor.java:439)
	at com.kms.katalon.core.main.TestCaseExecutor.processExecutionPhase(TestCaseExecutor.java:418)
	at com.kms.katalon.core.main.TestCaseExecutor.accessMainPhase(TestCaseExecutor.java:410)
	at com.kms.katalon.core.main.TestCaseExecutor.execute(TestCaseExecutor.java:285)
	at com.kms.katalon.core.common.CommonExecutor.accessTestCaseMainPhase(CommonExecutor.java:65)
	at com.kms.katalon.core.main.TestSuiteExecutor.accessTestSuiteMainPhase(TestSuiteExecutor.java:150)
	at com.kms.katalon.core.main.TestSuiteExecutor.execute(TestSuiteExecutor.java:106)
	at com.kms.katalon.core.main.TestCaseMain.startTestSuite(TestCaseMain.java:180)
	at com.kms.katalon.core.main.TestCaseMain$startTestSuite$0.call(Unknown Source)
	at TempTestSuite1714726103613.run(TempTestSuite1714726103613.groovy:35)
	at java.base/jdk.internal.reflect.NativeMethodAccessorImpl.invoke0(Native Method)
	at java.base/jdk.internal.reflect.NativeMethodAccessorImpl.invoke(NativeMethodAccessorImpl.java:77)
	at java.base/jdk.internal.reflect.DelegatingMethodAccessorImpl.invoke(DelegatingMethodAccessorImpl.java:43)
)

03-05-2024T08:52:32 - [MESSAGE][FAILED] - Unable to verify text 'nawel.mele@reach5.co' is present  (Root cause: com.kms.katalon.core.exception.StepFailedException: Unable to verify text 'nawel.mele@reach5.co' is present 
	at com.kms.katalon.core.webui.keyword.internal.WebUIKeywordMain.stepFailed(WebUIKeywordMain.groovy:64)
	at com.kms.katalon.core.webui.keyword.internal.WebUIKeywordMain.runKeyword(WebUIKeywordMain.groovy:26)
	at com.kms.katalon.core.webui.keyword.builtin.VerifyTextPresentKeyword.verifyTextPresent(VerifyTextPresentKeyword.groovy:83)
	at com.kms.katalon.core.webui.keyword.builtin.VerifyTextPresentKeyword.execute(VerifyTextPresentKeyword.groovy:68)
	at com.kms.katalon.core.keyword.internal.KeywordExecutor.executeKeywordForPlatform(KeywordExecutor.groovy:74)
	at com.kms.katalon.core.webui.keyword.WebUiBuiltInKeywords.verifyTextPresent(WebUiBuiltInKeywords.groovy:1762)
	at com.kms.katalon.core.webui.keyword.WebUiBuiltInKeywords$verifyTextPresent$4.call(Unknown Source)
	at 01.01.02 - ProfileSearch.run(01.01.02 - ProfileSearch:47)
	at com.kms.katalon.core.main.ScriptEngine.run(ScriptEngine.java:194)
	at com.kms.katalon.core.main.ScriptEngine.runScriptAsRawText(ScriptEngine.java:119)
	at com.kms.katalon.core.main.TestCaseExecutor.runScript(TestCaseExecutor.java:448)
	at com.kms.katalon.core.main.TestCaseExecutor.doExecute(TestCaseExecutor.java:439)
	at com.kms.katalon.core.main.TestCaseExecutor.processExecutionPhase(TestCaseExecutor.java:418)
	at com.kms.katalon.core.main.TestCaseExecutor.accessMainPhase(TestCaseExecutor.java:410)
	at com.kms.katalon.core.main.TestCaseExecutor.execute(TestCaseExecutor.java:285)
	at com.kms.katalon.core.common.CommonExecutor.accessTestCaseMainPhase(CommonExecutor.java:65)
	at com.kms.katalon.core.main.TestSuiteExecutor.accessTestSuiteMainPhase(TestSuiteExecutor.java:150)
	at com.kms.katalon.core.main.TestSuiteExecutor.execute(TestSuiteExecutor.java:106)
	at com.kms.katalon.core.main.TestCaseMain.startTestSuite(TestCaseMain.java:180)
	at com.kms.katalon.core.main.TestCaseMain$startTestSuite$0.call(Unknown Source)
	at TempTestSuite1714726103613.run(TempTestSuite1714726103613.groovy:35)
	at java.base/jdk.internal.reflect.NativeMethodAccessorImpl.invoke0(Native Method)
	at java.base/jdk.internal.reflect.NativeMethodAccessorImpl.invoke(NativeMethodAccessorImpl.java:77)
	at java.base/jdk.internal.reflect.DelegatingMethodAccessorImpl.invoke(DelegatingMethodAccessorImpl.java:43)
Caused by: com.kms.katalon.core.exception.StepFailedException: Text 'nawel.mele@reach5.co' is not present on page 
	at com.kms.katalon.core.webui.keyword.internal.WebUIKeywordMain.stepFailed(WebUIKeywordMain.groovy:64)
	at com.kms.katalon.core.webui.keyword.builtin.VerifyTextPresentKeyword$_verifyTextPresent_closure1.doCall(VerifyTextPresentKeyword.groovy:79)
	at com.kms.katalon.core.webui.keyword.builtin.VerifyTextPresentKeyword$_verifyTextPresent_closure1.call(VerifyTextPresentKeyword.groovy)
	at com.kms.katalon.core.webui.keyword.internal.WebUIKeywordMain.runKeyword(WebUIKeywordMain.groovy:20)
	... 22 more
)
[[ATTACHMENT|D:\\a\\KatalonTests\\KatalonTests\\Reports\\20240503_084816\\Console Profil page Test Suite\\20240503_084823\\1714726352826.png]]]]></system-out>
         <system-err><![CDATA[03-05-2024T08:52:08 - [TEST_CASE][FAILED] - Test Cases/01 - Test Console/01.01 - ProfilPage/01.01.02 - ProfileSearch: Test Cases/01 - Test Console/01.01 - ProfilPage/01.01.02 - ProfileSearch FAILED.
Reason:
com.kms.katalon.core.exception.StepFailedException: Unable to verify text 'nawel.mele@reach5.co' is present 
	at com.kms.katalon.core.webui.keyword.internal.WebUIKeywordMain.stepFailed(WebUIKeywordMain.groovy:64)
	at com.kms.katalon.core.webui.keyword.internal.WebUIKeywordMain.runKeyword(WebUIKeywordMain.groovy:26)
	at com.kms.katalon.core.webui.keyword.builtin.VerifyTextPresentKeyword.verifyTextPresent(VerifyTextPresentKeyword.groovy:83)
	at com.kms.katalon.core.webui.keyword.builtin.VerifyTextPresentKeyword.execute(VerifyTextPresentKeyword.groovy:68)
	at com.kms.katalon.core.keyword.internal.KeywordExecutor.executeKeywordForPlatform(KeywordExecutor.groovy:74)
	at com.kms.katalon.core.webui.keyword.WebUiBuiltInKeywords.verifyTextPresent(WebUiBuiltInKeywords.groovy:1762)
	at com.kms.katalon.core.webui.keyword.WebUiBuiltInKeywords$verifyTextPresent$4.call(Unknown Source)
	at 01.01.02 - ProfileSearch.run(01.01.02 - ProfileSearch:47)
	at com.kms.katalon.core.main.ScriptEngine.run(ScriptEngine.java:194)
	at com.kms.katalon.core.main.ScriptEngine.runScriptAsRawText(ScriptEngine.java:119)
	at com.kms.katalon.core.main.TestCaseExecutor.runScript(TestCaseExecutor.java:448)
	at com.kms.katalon.core.main.TestCaseExecutor.doExecute(TestCaseExecutor.java:439)
	at com.kms.katalon.core.main.TestCaseExecutor.processExecutionPhase(TestCaseExecutor.java:418)
	at com.kms.katalon.core.main.TestCaseExecutor.accessMainPhase(TestCaseExecutor.java:410)
	at com.kms.katalon.core.main.TestCaseExecutor.execute(TestCaseExecutor.java:285)
	at com.kms.katalon.core.common.CommonExecutor.accessTestCaseMainPhase(CommonExecutor.java:65)
	at com.kms.katalon.core.main.TestSuiteExecutor.accessTestSuiteMainPhase(TestSuiteExecutor.java:150)
	at com.kms.katalon.core.main.TestSuiteExecutor.execute(TestSuiteExecutor.java:106)
	at com.kms.katalon.core.main.TestCaseMain.startTestSuite(TestCaseMain.java:180)
	at com.kms.katalon.core.main.TestCaseMain$startTestSuite$0.call(Unknown Source)
	at TempTestSuite1714726103613.run(TempTestSuite1714726103613.groovy:35)
	at java.base/jdk.internal.reflect.NativeMethodAccessorImpl.invoke0(Native Method)
	at java.base/jdk.internal.reflect.NativeMethodAccessorImpl.invoke(NativeMethodAccessorImpl.java:77)
	at java.base/jdk.internal.reflect.DelegatingMethodAccessorImpl.invoke(DelegatingMethodAccessorImpl.java:43)
Caused by: com.kms.katalon.core.exception.StepFailedException: Text 'nawel.mele@reach5.co' is not present on page 
	at com.kms.katalon.core.webui.keyword.internal.WebUIKeywordMain.stepFailed(WebUIKeywordMain.groovy:64)
	at com.kms.katalon.core.webui.keyword.builtin.VerifyTextPresentKeyword$_verifyTextPresent_closure1.doCall(VerifyTextPresentKeyword.groovy:79)
	at com.kms.katalon.core.webui.keyword.builtin.VerifyTextPresentKeyword$_verifyTextPresent_closure1.call(VerifyTextPresentKeyword.groovy)
	at com.kms.katalon.core.webui.keyword.internal.WebUIKeywordMain.runKeyword(WebUIKeywordMain.groovy:20)
	... 22 more]]></system-err>
      </testcase>
      <testcase name="Test Cases/01 - Test Console/01.01 - ProfilPage/01.01.03 - ProfileRecentActivityFilter" time="89.796" classname="Test Cases/01 - Test Console/01.01 - ProfilPage/01.01.03 - ProfileRecentActivityFilter" status="PASSED">
         <system-out><![CDATA[03-05-2024T08:52:32 - [TEST_CASE][PASSED] - Test Cases/01 - Test Console/01.01 - ProfilPage/01.01.03 - ProfileRecentActivityFilter: Test Cases/01 - Test Console/01.01 - ProfilPage/01.01.03 - ProfileRecentActivityFilter

03-05-2024T08:52:32 - [TEST_STEP][PASSED] - openBrowser(""): Browser is opened with url: ''

03-05-2024T08:52:32 - [MESSAGE][WARNING] - A browser is already opened. Closing browser and opening a new one

03-05-2024T08:52:33 - [MESSAGE][INFO] - Starting 'Chrome' driver

03-05-2024T08:52:33 - [MESSAGE][INFO] - Action delay is set to 0 milliseconds

03-05-2024T08:52:33 - [MESSAGE][PASSED] - Browser is opened with url: ''

03-05-2024T08:52:33 - [TEST_STEP][PASSED] - navigateToUrl(ConsoleURL): Navigate to 'https://console-integ.reach5.co/' successfully

03-05-2024T08:52:37 - [MESSAGE][PASSED] - Navigate to 'https://console-integ.reach5.co/' successfully

03-05-2024T08:52:37 - [TEST_STEP][PASSED] - setText(findTestObject("R5_console_Login/login_email"), Login_NME): Text 'nawel.mele@reach5.co' is set on object 'Object Repository/R5_console_Login/login_email'

03-05-2024T08:52:40 - [MESSAGE][PASSED] - Text 'nawel.mele@reach5.co' is set on object 'Object Repository/R5_console_Login/login_email'

03-05-2024T08:52:40 - [TEST_STEP][PASSED] - setEncryptedText(findTestObject("R5_console_Login/login_password"), "5rdcrhgBYgE/1Hb7+0nwZQ=="): Text ****** has been set on object 'Object Repository/R5_console_Login/login_password'

03-05-2024T08:52:40 - [MESSAGE][PASSED] - Text ****** has been set on object 'Object Repository/R5_console_Login/login_password'

03-05-2024T08:52:40 - [TEST_STEP][PASSED] - click(findTestObject("R5_console_Login/button_Log in")): Object: 'Object Repository/R5_console_Login/button_Log in' is clicked on

03-05-2024T08:52:40 - [MESSAGE][PASSED] - Object: 'Object Repository/R5_console_Login/button_Log in' is clicked on

03-05-2024T08:52:40 - [TEST_STEP][PASSED] - click(findTestObject("Object Repository/HP/Page_Console - ReachFive/div_Go to account")): Object: 'Object Repository/HP/Page_Console - ReachFive/div_Go to account' is clicked on

03-05-2024T08:52:46 - [MESSAGE][PASSED] - Object: 'Object Repository/HP/Page_Console - ReachFive/div_Go to account' is clicked on

03-05-2024T08:52:46 - [TEST_STEP][PASSED] - scrollToElement(findTestObject("HP/div_integ-qa-nme"), 3): Scroll to object 'Object Repository/HP/div_integ-qa-nme' successfully

03-05-2024T08:53:17 - [MESSAGE][INFO] - Unable to find the element located by 'By.xpath: //div[@id='react-select-2-option-29']'. Please recheck the objects properties to make sure the desired element is located. 

03-05-2024T08:53:17 - [MESSAGE][WARNING] - [SELF-HEALING] Failed to find element with id 'Object Repository/HP/div_integ-qa-nme'. Try using Self-healing.

03-05-2024T08:53:17 - [MESSAGE][INFO] - [SELF-HEALING] Failed Locator: '//div[@id='react-select-2-option-29']'.

03-05-2024T08:53:17 - [MESSAGE][INFO] - [SELF-HEALING] Failed Locator: '//div[@id='react-select-2-listbox']/div[30]'.

03-05-2024T08:53:17 - [MESSAGE][INFO] - [SELF-HEALING] Working Locator: '(.//*[normalize-space(text()) and normalize-space(.)='Reach5 Load Tests'])[1]/following::div[1]'.

03-05-2024T08:53:18 - [MESSAGE][INFO] - [SELF-HEALING] Screenshot: D:/a/KatalonTests/KatalonTests/Reports/Self-healing/Object Repository/HP/div_integ-qa-nme_neighbor.png

03-05-2024T08:53:18 - [MESSAGE][WARNING] - [SELF-HEALING] The current locator of test object 'Object Repository/HP/div_integ-qa-nme' was broken. Propose an alternative one: '(.//*[normalize-space(text()) and normalize-space(.)='Reach5 Load Tests'])[1]/following::div[1]'.

03-05-2024T08:53:18 - [MESSAGE][PASSED] - Scroll to object 'Object Repository/HP/div_integ-qa-nme' successfully

03-05-2024T08:53:18 - [TEST_STEP][PASSED] - click(findTestObject("HP/div_integ-qa-nme")): Object: 'Object Repository/HP/div_integ-qa-nme' is clicked on

03-05-2024T08:53:49 - [MESSAGE][INFO] - Unable to find the element located by 'By.xpath: //div[@id='react-select-2-option-29']'. Please recheck the objects properties to make sure the desired element is located. 

03-05-2024T08:53:49 - [MESSAGE][WARNING] - [SELF-HEALING] Failed to find element with id 'Object Repository/HP/div_integ-qa-nme'. Try using Self-healing.

03-05-2024T08:53:49 - [MESSAGE][WARNING] - [SELF-HEALING] The current locator of test object 'Object Repository/HP/div_integ-qa-nme' was broken. Propose an alternative one: '(.//*[normalize-space(text()) and normalize-space(.)='Reach5 Load Tests'])[1]/following::div[1]'.

03-05-2024T08:53:52 - [MESSAGE][PASSED] - Object: 'Object Repository/HP/div_integ-qa-nme' is clicked on

03-05-2024T08:53:52 - [TEST_STEP][PASSED] - click(findTestObject("ProfilePageSearch/a_Profiles")): Object: 'Object Repository/ProfilePageSearch/a_Profiles' is clicked on

03-05-2024T08:53:57 - [MESSAGE][PASSED] - Object: 'Object Repository/ProfilePageSearch/a_Profiles' is clicked on

03-05-2024T08:53:57 - [TEST_STEP][PASSED] - click(findTestObject("Object Repository/bin/Page_Console - ReachFive/input_Filter_Nr7Ji CVfQQ")): Object: 'Object Repository/bin/Page_Console - ReachFive/input_Filter_Nr7Ji CVfQQ' is clicked on

03-05-2024T08:53:58 - [MESSAGE][PASSED] - Object: 'Object Repository/bin/Page_Console - ReachFive/input_Filter_Nr7Ji CVfQQ' is clicked on

03-05-2024T08:53:58 - [TEST_STEP][PASSED] - setText(findTestObject("ProfilePageSearch/SearchProfilFilter"), "KatalonUserGenerale@gmail.com"): Text 'KatalonUserGenerale@gmail.com' is set on object 'Object Repository/ProfilePageSearch/SearchProfilFilter'

03-05-2024T08:53:59 - [MESSAGE][PASSED] - Text 'KatalonUserGenerale@gmail.com' is set on object 'Object Repository/ProfilePageSearch/SearchProfilFilter'

03-05-2024T08:53:59 - [TEST_STEP][PASSED] - click(findTestObject("Object Repository/ProfilePage/UserProfilImage")): Object: 'Object Repository/ProfilePage/UserProfilImage' is clicked on

03-05-2024T08:54:00 - [MESSAGE][PASSED] - Object: 'Object Repository/ProfilePage/UserProfilImage' is clicked on

03-05-2024T08:54:00 - [TEST_STEP][PASSED] - RecentActivity = getText(findTestObject("Object Repository/ProfilePage/div_Recent activity")): Text of object 'Object Repository/ProfilePage/div_Recent activity' is: 'Recent activity'

03-05-2024T08:54:01 - [MESSAGE][PASSED] - Text of object 'Object Repository/ProfilePage/div_Recent activity' is: 'Recent activity'

03-05-2024T08:54:01 - [TEST_STEP][PASSED] - if (RecentActivity.contains("Recent activity")): Element is present

03-05-2024T08:54:01 - [TEST_STEP][PASSED] - markPassed("Element is present"): Element is present

03-05-2024T08:54:01 - [MESSAGE][PASSED] - Element is present

03-05-2024T08:54:01 - [TEST_STEP][PASSED] - click(findTestObject("Object Repository/ProfilePage/span_Filters")): Object: 'Object Repository/ProfilePage/span_Filters' is clicked on

03-05-2024T08:54:02 - [MESSAGE][PASSED] - Object: 'Object Repository/ProfilePage/span_Filters' is clicked on

03-05-2024T08:54:02 - [TEST_STEP][PASSED] - RecentActivityFilter = getText(findTestObject("Object Repository/ProfilePage/p_Filters")): Text of object 'Object Repository/ProfilePage/p_Filters' is: 'Filters'

03-05-2024T08:54:02 - [MESSAGE][PASSED] - Text of object 'Object Repository/ProfilePage/p_Filters' is: 'Filters'

03-05-2024T08:54:02 - [TEST_STEP][PASSED] - if (RecentActivityFilter.contains("Filters")): Element is present

03-05-2024T08:54:02 - [TEST_STEP][PASSED] - markPassed("Element is present"): Element is present

03-05-2024T08:54:02 - [MESSAGE][PASSED] - Element is present

03-05-2024T08:54:02 - [TEST_STEP][PASSED] - closeBrowser(): Browser is closed

03-05-2024T08:54:02 - [MESSAGE][PASSED] - Browser is closed]]></system-out>
         <system-err><![CDATA[]]></system-err>
      </testcase>
      <system-out><![CDATA[03-05-2024T08:50:11 - [TEST_SUITE][FAILED] - Console Profil page Test Suite: Test Cases/01 - Test Console/01.01 - ProfilPage/01.01.02 - ProfileSearch FAILED.
Reason:
com.kms.katalon.core.exception.StepFailedException: Unable to verify text 'nawel.mele@reach5.co' is present 
	at com.kms.katalon.core.webui.keyword.internal.WebUIKeywordMain.stepFailed(WebUIKeywordMain.groovy:64)
	at com.kms.katalon.core.webui.keyword.internal.WebUIKeywordMain.runKeyword(WebUIKeywordMain.groovy:26)
	at com.kms.katalon.core.webui.keyword.builtin.VerifyTextPresentKeyword.verifyTextPresent(VerifyTextPresentKeyword.groovy:83)
	at com.kms.katalon.core.webui.keyword.builtin.VerifyTextPresentKeyword.execute(VerifyTextPresentKeyword.groovy:68)
	at com.kms.katalon.core.keyword.internal.KeywordExecutor.executeKeywordForPlatform(KeywordExecutor.groovy:74)
	at com.kms.katalon.core.webui.keyword.WebUiBuiltInKeywords.verifyTextPresent(WebUiBuiltInKeywords.groovy:1762)
	at com.kms.katalon.core.webui.keyword.WebUiBuiltInKeywords$verifyTextPresent$4.call(Unknown Source)
	at 01.01.02 - ProfileSearch.run(01.01.02 - ProfileSearch:47)
	at com.kms.katalon.core.main.ScriptEngine.run(ScriptEngine.java:194)
	at com.kms.katalon.core.main.ScriptEngine.runScriptAsRawText(ScriptEngine.java:119)
	at com.kms.katalon.core.main.TestCaseExecutor.runScript(TestCaseExecutor.java:448)
	at com.kms.katalon.core.main.TestCaseExecutor.doExecute(TestCaseExecutor.java:439)
	at com.kms.katalon.core.main.TestCaseExecutor.processExecutionPhase(TestCaseExecutor.java:418)
	at com.kms.katalon.core.main.TestCaseExecutor.accessMainPhase(TestCaseExecutor.java:410)
	at com.kms.katalon.core.main.TestCaseExecutor.execute(TestCaseExecutor.java:285)
	at com.kms.katalon.core.common.CommonExecutor.accessTestCaseMainPhase(CommonExecutor.java:65)
	at com.kms.katalon.core.main.TestSuiteExecutor.accessTestSuiteMainPhase(TestSuiteExecutor.java:150)
	at com.kms.katalon.core.main.TestSuiteExecutor.execute(TestSuiteExecutor.java:106)
	at com.kms.katalon.core.main.TestCaseMain.startTestSuite(TestCaseMain.java:180)
	at com.kms.katalon.core.main.TestCaseMain$startTestSuite$0.call(Unknown Source)
	at TempTestSuite1714726103613.run(TempTestSuite1714726103613.groovy:35)
	at java.base/jdk.internal.reflect.NativeMethodAccessorImpl.invoke0(Native Method)
	at java.base/jdk.internal.reflect.NativeMethodAccessorImpl.invoke(NativeMethodAccessorImpl.java:77)
	at java.base/jdk.internal.reflect.DelegatingMethodAccessorImpl.invoke(DelegatingMethodAccessorImpl.java:43)
Caused by: com.kms.katalon.core.exception.StepFailedException: Text 'nawel.mele@reach5.co' is not present on page 
	at com.kms.katalon.core.webui.keyword.internal.WebUIKeywordMain.stepFailed(WebUIKeywordMain.groovy:64)
	at com.kms.katalon.core.webui.keyword.builtin.VerifyTextPresentKeyword$_verifyTextPresent_closure1.doCall(VerifyTextPresentKeyword.groovy:79)
	at com.kms.katalon.core.webui.keyword.builtin.VerifyTextPresentKeyword$_verifyTextPresent_closure1.call(VerifyTextPresentKeyword.groovy)
	at com.kms.katalon.core.webui.keyword.internal.WebUIKeywordMain.runKeyword(WebUIKeywordMain.groovy:20)
	... 22 more]]></system-out>
      <system-err><![CDATA[03-05-2024T08:50:11 - [TEST_SUITE][FAILED] - Console Profil page Test Suite: Test Cases/01 - Test Console/01.01 - ProfilPage/01.01.02 - ProfileSearch FAILED.
Reason:
com.kms.katalon.core.exception.StepFailedException: Unable to verify text 'nawel.mele@reach5.co' is present 
	at com.kms.katalon.core.webui.keyword.internal.WebUIKeywordMain.stepFailed(WebUIKeywordMain.groovy:64)
	at com.kms.katalon.core.webui.keyword.internal.WebUIKeywordMain.runKeyword(WebUIKeywordMain.groovy:26)
	at com.kms.katalon.core.webui.keyword.builtin.VerifyTextPresentKeyword.verifyTextPresent(VerifyTextPresentKeyword.groovy:83)
	at com.kms.katalon.core.webui.keyword.builtin.VerifyTextPresentKeyword.execute(VerifyTextPresentKeyword.groovy:68)
	at com.kms.katalon.core.keyword.internal.KeywordExecutor.executeKeywordForPlatform(KeywordExecutor.groovy:74)
	at com.kms.katalon.core.webui.keyword.WebUiBuiltInKeywords.verifyTextPresent(WebUiBuiltInKeywords.groovy:1762)
	at com.kms.katalon.core.webui.keyword.WebUiBuiltInKeywords$verifyTextPresent$4.call(Unknown Source)
	at 01.01.02 - ProfileSearch.run(01.01.02 - ProfileSearch:47)
	at com.kms.katalon.core.main.ScriptEngine.run(ScriptEngine.java:194)
	at com.kms.katalon.core.main.ScriptEngine.runScriptAsRawText(ScriptEngine.java:119)
	at com.kms.katalon.core.main.TestCaseExecutor.runScript(TestCaseExecutor.java:448)
	at com.kms.katalon.core.main.TestCaseExecutor.doExecute(TestCaseExecutor.java:439)
	at com.kms.katalon.core.main.TestCaseExecutor.processExecutionPhase(TestCaseExecutor.java:418)
	at com.kms.katalon.core.main.TestCaseExecutor.accessMainPhase(TestCaseExecutor.java:410)
	at com.kms.katalon.core.main.TestCaseExecutor.execute(TestCaseExecutor.java:285)
	at com.kms.katalon.core.common.CommonExecutor.accessTestCaseMainPhase(CommonExecutor.java:65)
	at com.kms.katalon.core.main.TestSuiteExecutor.accessTestSuiteMainPhase(TestSuiteExecutor.java:150)
	at com.kms.katalon.core.main.TestSuiteExecutor.execute(TestSuiteExecutor.java:106)
	at com.kms.katalon.core.main.TestCaseMain.startTestSuite(TestCaseMain.java:180)
	at com.kms.katalon.core.main.TestCaseMain$startTestSuite$0.call(Unknown Source)
	at TempTestSuite1714726103613.run(TempTestSuite1714726103613.groovy:35)
	at java.base/jdk.internal.reflect.NativeMethodAccessorImpl.invoke0(Native Method)
	at java.base/jdk.internal.reflect.NativeMethodAccessorImpl.invoke(NativeMethodAccessorImpl.java:77)
	at java.base/jdk.internal.reflect.DelegatingMethodAccessorImpl.invoke(DelegatingMethodAccessorImpl.java:43)
Caused by: com.kms.katalon.core.exception.StepFailedException: Text 'nawel.mele@reach5.co' is not present on page 
	at com.kms.katalon.core.webui.keyword.internal.WebUIKeywordMain.stepFailed(WebUIKeywordMain.groovy:64)
	at com.kms.katalon.core.webui.keyword.builtin.VerifyTextPresentKeyword$_verifyTextPresent_closure1.doCall(VerifyTextPresentKeyword.groovy:79)
	at com.kms.katalon.core.webui.keyword.builtin.VerifyTextPresentKeyword$_verifyTextPresent_closure1.call(VerifyTextPresentKeyword.groovy)
	at com.kms.katalon.core.webui.keyword.internal.WebUIKeywordMain.runKeyword(WebUIKeywordMain.groovy:20)
	... 22 more]]></system-err>
   </testsuite>
</testsuites>
